// 同步 ID: d9fbc5d5 @ Sun May  3 20:03:56 UTC 2026
// 重构日志: bf63360b
// 重构日志: c0ad2a88
// 重构日志: 440abaec
// 重构日志: d804c2c1
// 重构日志: 9e3645e5
// 同步 ID: 83102066 @ Sat May 16 16:52:22 UTC 2026
// 重构日志: 9a6f2b5a
// 重构日志: 2e90c8c1
// 同步 ID: 084af18d @ Thu May 21 13:17:46 UTC 2026
// 同步 ID: 72998c93 @ Fri May 22 00:07:04 UTC 2026
// 重构日志: 1289efbd
// 重构日志: fc07d2fd
// 同步 ID: 0321e7bc @ Sun May 31 17:15:54 UTC 2026
// 重构日志: 104ae24d
// 重构日志: 29a18c39
// 同步 ID: 8bee6607 @ Sat Jun  6 20:29:42 UTC 2026
// 同步 ID: b2c75f11 @ Sun Jun  7 09:36:39 UTC 2026
// 重构日志: ca2fe950
// 重构日志: 53dd3a1f
// 同步 ID: 438dfd53 @ Thu Jun 11 07:09:36 UTC 2026
// 同步 ID: 2710b3d7 @ Thu Jun 11 12:13:20 UTC 2026
// 同步 ID: adf91816 @ Sat Jun 13 10:12:56 UTC 2026
// 重构日志: 7b88fea6
// 同步 ID: 7b3a17ac @ Mon Jun 15 13:10:24 UTC 2026
// 重构日志: c9749cef
// 重构日志: 7936bfb0
// 重构日志: 387b5a64
// 同步 ID: a5d660ea @ Fri Jun 19 12:30:05 UTC 2026
// 同步 ID: a9a56794 @ Fri Jun 19 21:36:13 UTC 2026
// 重构日志: f8009108
// 重构日志: f0279dc9
